0 info it worked if it ends with ok
1 verbose cli [ 'node',
1 verbose cli   '/usr/local/bin/npm',
1 verbose cli   'install',
1 verbose cli   'gzipp',
1 verbose cli   'express',
1 verbose cli   'coffee-script',
1 verbose cli   '--save' ]
2 info using npm@1.4.14
3 info using node@v0.10.29
4 warn package.json mytodo@0.0.0 No description
5 warn package.json mytodo@0.0.0 No repository field.
6 warn package.json mytodo@0.0.0 No README data
7 verbose readDependencies using package.json deps
8 verbose cache add [ 'gzipp', null ]
9 verbose cache add name=undefined spec="gzipp" args=["gzipp",null]
10 verbose parsed url { protocol: null,
10 verbose parsed url   slashes: null,
10 verbose parsed url   auth: null,
10 verbose parsed url   host: null,
10 verbose parsed url   port: null,
10 verbose parsed url   hostname: null,
10 verbose parsed url   hash: null,
10 verbose parsed url   search: null,
10 verbose parsed url   query: null,
10 verbose parsed url   pathname: 'gzipp',
10 verbose parsed url   path: 'gzipp',
10 verbose parsed url   href: 'gzipp' }
11 verbose cache add [ 'express', null ]
12 verbose cache add name=undefined spec="express" args=["express",null]
13 verbose parsed url { protocol: null,
13 verbose parsed url   slashes: null,
13 verbose parsed url   auth: null,
13 verbose parsed url   host: null,
13 verbose parsed url   port: null,
13 verbose parsed url   hostname: null,
13 verbose parsed url   hash: null,
13 verbose parsed url   search: null,
13 verbose parsed url   query: null,
13 verbose parsed url   pathname: 'express',
13 verbose parsed url   path: 'express',
13 verbose parsed url   href: 'express' }
14 verbose cache add [ 'coffee-script', null ]
15 verbose cache add name=undefined spec="coffee-script" args=["coffee-script",null]
16 verbose parsed url { protocol: null,
16 verbose parsed url   slashes: null,
16 verbose parsed url   auth: null,
16 verbose parsed url   host: null,
16 verbose parsed url   port: null,
16 verbose parsed url   hostname: null,
16 verbose parsed url   hash: null,
16 verbose parsed url   search: null,
16 verbose parsed url   query: null,
16 verbose parsed url   pathname: 'coffee-script',
16 verbose parsed url   path: 'coffee-script',
16 verbose parsed url   href: 'coffee-script' }
17 silly lockFile 5d59992c-gzipp gzipp
18 verbose lock gzipp /Users/dougannash/.npm/5d59992c-gzipp.lock
19 silly lockFile f3c62de4-express express
20 verbose lock express /Users/dougannash/.npm/f3c62de4-express.lock
21 silly lockFile ab358269-coffee-script coffee-script
22 verbose lock coffee-script /Users/dougannash/.npm/ab358269-coffee-script.lock
23 silly lockFile 5d59992c-gzipp gzipp
24 silly lockFile 5d59992c-gzipp gzipp
25 silly lockFile f3c62de4-express express
26 silly lockFile f3c62de4-express express
27 silly lockFile ab358269-coffee-script coffee-script
28 silly lockFile ab358269-coffee-script coffee-script
29 verbose addNamed [ 'gzipp', '' ]
30 verbose addNamed [ null, '*' ]
31 silly lockFile 0ec0a935-gzipp gzipp@
32 verbose lock gzipp@ /Users/dougannash/.npm/0ec0a935-gzipp.lock
33 verbose addNamed [ 'express', '' ]
34 verbose addNamed [ null, '*' ]
35 silly lockFile 64a534c1-express express@
36 verbose lock express@ /Users/dougannash/.npm/64a534c1-express.lock
37 verbose addNamed [ 'coffee-script', '' ]
38 verbose addNamed [ null, '*' ]
39 silly lockFile 53951495-coffee-script coffee-script@
40 verbose lock coffee-script@ /Users/dougannash/.npm/53951495-coffee-script.lock
41 silly addNameRange { name: 'gzipp', range: '*', hasData: false }
42 silly addNameRange { name: 'express', range: '*', hasData: false }
43 silly addNameRange { name: 'coffee-script', range: '*', hasData: false }
44 verbose url raw gzipp
45 verbose url resolving [ 'https://registry.npmjs.org/', './gzipp' ]
46 verbose url resolved https://registry.npmjs.org/gzipp
47 info trying registry request attempt 1 at 17:53:31
48 http GET https://registry.npmjs.org/gzipp
49 verbose url raw coffee-script
50 verbose url resolving [ 'https://registry.npmjs.org/', './coffee-script' ]
51 verbose url resolved https://registry.npmjs.org/coffee-script
52 info trying registry request attempt 1 at 17:53:31
53 verbose etag "DLI85FRFOWZYSUNJVYCH1NKMY"
54 http GET https://registry.npmjs.org/coffee-script
55 verbose url raw express
56 verbose url resolving [ 'https://registry.npmjs.org/', './express' ]
57 verbose url resolved https://registry.npmjs.org/express
58 info trying registry request attempt 1 at 17:53:31
59 verbose etag "B6ACI7BP4DWOU4R5HRTX0FF0S"
60 http GET https://registry.npmjs.org/express
61 http 304 https://registry.npmjs.org/coffee-script
62 silly registry.get cb [ 304,
62 silly registry.get   { date: 'Sun, 20 Jul 2014 00:53:31 GMT',
62 silly registry.get     server: 'Apache',
62 silly registry.get     via: '1.1 varnish',
62 silly registry.get     'last-modified': 'Sun, 20 Jul 2014 00:53:31 GMT',
62 silly registry.get     'cache-control': 'max-age=60',
62 silly registry.get     etag: '"DLI85FRFOWZYSUNJVYCH1NKMY"',
62 silly registry.get     'x-served-by': 'cache-lax1435-LAX',
62 silly registry.get     'x-cache': 'HIT',
62 silly registry.get     'x-cache-hits': '1',
62 silly registry.get     'x-timer': 'S1405817611.575163,VS0,VE0',
62 silly registry.get     vary: 'Accept',
62 silly registry.get     'content-length': '0',
62 silly registry.get     'keep-alive': 'timeout=10, max=50',
62 silly registry.get     connection: 'Keep-Alive' } ]
63 verbose etag coffee-script from cache
64 silly addNameRange number 2 { name: 'coffee-script', range: '*', hasData: true }
65 silly addNameRange versions [ 'coffee-script',
65 silly addNameRange   [ '0.7.0',
65 silly addNameRange     '0.7.1',
65 silly addNameRange     '0.7.2',
65 silly addNameRange     '0.9.0',
65 silly addNameRange     '0.9.1',
65 silly addNameRange     '0.9.2',
65 silly addNameRange     '0.9.3',
65 silly addNameRange     '0.9.4',
65 silly addNameRange     '0.9.5',
65 silly addNameRange     '0.9.6',
65 silly addNameRange     '1.0.0',
65 silly addNameRange     '1.0.1',
65 silly addNameRange     '1.1.0',
65 silly addNameRange     '1.1.1',
65 silly addNameRange     '1.1.2',
65 silly addNameRange     '1.1.3',
65 silly addNameRange     '1.2.0',
65 silly addNameRange     '1.3.0',
65 silly addNameRange     '1.3.1',
65 silly addNameRange     '1.3.2',
65 silly addNameRange     '1.3.3',
65 silly addNameRange     '1.4.0',
65 silly addNameRange     '1.5.0',
65 silly addNameRange     '1.6.0',
65 silly addNameRange     '1.6.1',
65 silly addNameRange     '1.6.2',
65 silly addNameRange     '1.6.3',
65 silly addNameRange     '1.7.0',
65 silly addNameRange     '1.7.1' ] ]
66 verbose addNamed [ 'coffee-script', '1.7.1' ]
67 verbose addNamed [ '1.7.1', '1.7.1' ]
68 silly lockFile 66cb63a1-coffee-script-1-7-1 coffee-script@1.7.1
69 verbose lock coffee-script@1.7.1 /Users/dougannash/.npm/66cb63a1-coffee-script-1-7-1.lock
70 silly lockFile 81f11821-e-script-coffee-script-1-7-1-tgz https://registry.npmjs.org/coffee-script/-/coffee-script-1.7.1.tgz
71 verbose lock https://registry.npmjs.org/coffee-script/-/coffee-script-1.7.1.tgz /Users/dougannash/.npm/81f11821-e-script-coffee-script-1-7-1-tgz.lock
72 verbose addRemoteTarball [ 'https://registry.npmjs.org/coffee-script/-/coffee-script-1.7.1.tgz',
72 verbose addRemoteTarball   '62996a861780c75e6d5069d13822723b73404bfc' ]
73 info retry fetch attempt 1 at 17:53:31
74 verbose fetch to= /var/folders/pp/wh8dlkkn2b1gf9ys9vkqyw0m0000gn/T/npm-16874-db_W0V2A/registry.npmjs.org/coffee-script/-/coffee-script-1.7.1.tgz
75 http GET https://registry.npmjs.org/coffee-script/-/coffee-script-1.7.1.tgz
76 http 404 https://registry.npmjs.org/gzipp
77 verbose headers { date: 'Sun, 20 Jul 2014 00:53:31 GMT',
77 verbose headers   server: 'CouchDB/1.5.0 (Erlang OTP/R16B03)',
77 verbose headers   'content-type': 'application/json',
77 verbose headers   'cache-control': 'max-age=0',
77 verbose headers   'content-length': '52',
77 verbose headers   'accept-ranges': 'bytes',
77 verbose headers   via: '1.1 varnish',
77 verbose headers   age: '0',
77 verbose headers   'x-served-by': 'cache-lax1426-LAX',
77 verbose headers   'x-cache': 'MISS',
77 verbose headers   'x-cache-hits': '0',
77 verbose headers   'x-timer': 'S1405817611.575201,VS0,VE79',
77 verbose headers   'keep-alive': 'timeout=10, max=50',
77 verbose headers   connection: 'Keep-Alive' }
78 silly registry.get cb [ 404,
78 silly registry.get   { date: 'Sun, 20 Jul 2014 00:53:31 GMT',
78 silly registry.get     server: 'CouchDB/1.5.0 (Erlang OTP/R16B03)',
78 silly registry.get     'content-type': 'application/json',
78 silly registry.get     'cache-control': 'max-age=0',
78 silly registry.get     'content-length': '52',
78 silly registry.get     'accept-ranges': 'bytes',
78 silly registry.get     via: '1.1 varnish',
78 silly registry.get     age: '0',
78 silly registry.get     'x-served-by': 'cache-lax1426-LAX',
78 silly registry.get     'x-cache': 'MISS',
78 silly registry.get     'x-cache-hits': '0',
78 silly registry.get     'x-timer': 'S1405817611.575201,VS0,VE79',
78 silly registry.get     'keep-alive': 'timeout=10, max=50',
78 silly registry.get     connection: 'Keep-Alive' } ]
79 silly lockFile 0ec0a935-gzipp gzipp@
80 silly lockFile 0ec0a935-gzipp gzipp@
81 error 404 404 Not Found: gzipp
81 error 404
81 error 404 'gzipp' is not in the npm registry.
81 error 404 You should bug the author to publish it
81 error 404 It was specified as a dependency of 'mytodo'
81 error 404
81 error 404 Note that you can also install from a
81 error 404 tarball, folder, or http url, or git url.
82 error System Darwin 13.2.0
83 error command "node" "/usr/local/bin/npm" "install" "gzipp" "express" "coffee-script" "--save"
84 error cwd /Users/dougannash/sandbox/mytodo
85 error node -v v0.10.29
86 error npm -v 1.4.14
87 error code E404
88 verbose exit [ 1, true ]
